make all --print-data-base --no-builtin-variables --no-builtin-rules --question
# GNU Make 3.81
# Copyright (C) 2006  Free Software Foundation, Inc.
# This is free software; see the source for copying conditions.
# There is NO warranty; not even for MERCHANTABILITY or FITNESS FOR A
# PARTICULAR PURPOSE.

# This program built for i386-apple-darwin11.3.0
 

# Make data base, printed on Wed Jun 15 16:27:00 2022

# Variables

# automatic
<D = $(patsubst %/,%,$(dir $<))
# automatic
?F = $(notdir $?)
# environment
VSCODE_LOG_NATIVE = false
# automatic
?D = $(patsubst %/,%,$(dir $?))
# automatic
@D = $(patsubst %/,%,$(dir $@))
# automatic
@F = $(notdir $@)
# makefile
CURDIR := /Users/leggeedi/C4_s21_math-3/src
# makefile
SHELL = /bin/sh
# environment
VSCODE_NLS_CONFIG = {"locale":"en-us","availableLanguages":{},"_languagePackSupport":true}
# environment
_ = /usr/bin/make
# makefile (from `Makefile', line 2)
CFLAGS = -Wall -Werror -Wextra
# makefile (from `Makefile', line 1)
MAKEFILE_LIST :=  Makefile
# environment
VSCODE_VERBOSE_LOGGING = true
# environment
__CFBundleIdentifier = com.microsoft.VSCode
# environment
VSCODE_IPC_HOOK_EXTHOST = /var/folders/zz/zyxvpxvq6csfxvn_n003vs6c00yy9l/T/vscode-ipc-278b6d33-aded-4101-8ecd-89b40abe086b.sock
# environment
VSCODE_CWD = /
# environment
PATH = /Users/leggeedi/.brew/bin:/usr/local/bin:/usr/bin:/bin:/usr/sbin:/sbin:/usr/local/go/bin:/usr/local/munki:/Library/Apple/usr/bin
# environment
C_INCLUDE_PATH = /usr/local/include/
# environment
LIBRARY_PATH = /usr/local/Cellar/check/0.15.2/lib:/usr/local/lib
# makefile (from `Makefile', line 10)
TEST_LIBS = -lcheck
# environment
VSCODE_LOG_STACK = false
# environment
ELECTRON_RUN_AS_NODE = 1
# default
.FEATURES := target-specific order-only second-expansion else-if archives jobserver check-symlink
# environment
SSH_AUTH_SOCK = /private/tmp/com.apple.launchd.5TpjurEaBF/Listeners
# environment
CPLUS_INCLUDE_PATH = /usr/local/include/
# automatic
%F = $(notdir $%)
# environment
HOMEBREW_TEMP = /tmp/leggeedi/Homebrew/Temp
# environment
VSCODE_PIPE_LOGGING = true
# environment
PWD = /Users/leggeedi/C4_s21_math-3/src
# environment
ORIGINAL_XDG_CURRENT_DESKTOP = undefined
# environment
VSCODE_AMD_ENTRYPOINT = vs/workbench/api/node/extensionHostProcess
# environment
HOME = /Users/leggeedi
# default
MAKEFILEPATH := /Applications/Xcode.app/Contents/Developer/Makefiles
# environment
VSCODE_CODE_CACHE_PATH = /Users/leggeedi/Library/Application Support/Code/CachedData/da15b6fd3ef856477bf6f4fb29ba1b7af717770d
# environment
LOGNAME = leggeedi
# environment
APPLICATION_INSIGHTS_NO_DIAGNOSTIC_CHANNEL = 1
# environment
VSCODE_HANDLES_UNCAUGHT_ERRORS = true
# automatic
^D = $(patsubst %/,%,$(dir $^))
# environment
XPC_FLAGS = 0x0
# default
MAKE = $(MAKE_COMMAND)
# default
MAKECMDGOALS := all
# environment
HOMEBREW_CACHE = /tmp/leggeedi/Homebrew/Caches
# environment
SHLVL = 1
# makefile (from `Makefile', line 1)
CC = gcc
# default
MAKE_VERSION := 3.81
# environment
USER = leggeedi
# makefile
.DEFAULT_GOAL := all
# automatic
%D = $(patsubst %/,%,$(dir $%))
# makefile (from `Makefile', line 5)
SOURSES = s21_math.c
# default
MAKE_COMMAND := /Applications/Xcode.app/Contents/Developer/usr/bin/make
# default
.VARIABLES := 
# environment
TMPDIR = /var/folders/zz/zyxvpxvq6csfxvn_n003vs6c00yy9l/T/
# automatic
*F = $(notdir $*)
# makefile (from `Makefile', line 7)
OS = $(shell uname)
# environment
VSCODE_IPC_HOOK = /Users/leggeedi/Library/Application Support/Code/1.67.1-main.sock
# makefile
MAKEFLAGS = Rrqp
# environment
MFLAGS = -Rrqp
# automatic
*D = $(patsubst %/,%,$(dir $*))
# environment
XPC_SERVICE_NAME = application.com.microsoft.VSCode.1720888.1721090
# automatic
+D = $(patsubst %/,%,$(dir $+))
# automatic
+F = $(notdir $+)
# makefile (from `Makefile', line 6)
GCOVFLAGS = -fprofile-arcs -ftest-coverage
# environment
__CF_USER_TEXT_ENCODING = 0xF7933:0x0:0x0
# environment
COMMAND_MODE = unix2003
# default
MAKEFILES := 
# automatic
<F = $(notdir $<)
# environment
LC_ALL = C
# automatic
^F = $(notdir $^)
# default
SUFFIXES := 
# default
.INCLUDE_DIRS = /usr/local/include
# environment
MAKELEVEL := 0
# makefile (from `Makefile', line 4)
OBJECTS = s21_math.o
# environment
LANG = C
# environment
VSCODE_PID = 89519
# variable set hash-table stats:
# Load=74/1024=7%, Rehash=0, Collisions=5/107=5%

# Pattern-specific Variable Values

# No pattern-specific variable values.

# Directories

# . (device 16777230, inode 644855): 17 files, no impossibilities.

# 17 files, no impossibilities in 1 directories.

# Implicit Rules

# No implicit rules.

# Files

gcov_report: s21_math.a
#  Implicit rule search has not been done.
#  Modification time never checked.
#  File has not been updated.
#  commands to execute (from `Makefile', line 29):
	$(CC) $(CFLAGS) --coverage test_s21math.c s21_math.c s21_math.a $(TEST_LIBS) -o gcov_test
	chmod +x *
	./gcov_test
	lcov -t "gcov_test" -o gcov_test.info --no-external -c -d .
	genhtml -o report/ gcov_test.info
	open ./report/index.html
	

all: clean s21_math.a test gcov_report
#  Command-line target.
#  Implicit rule search has been done.
#  File does not exist.
#  File has been updated.
#  Needs to be updated (-q is set).
# variable set hash-table stats:
# Load=0/32=0%, Rehash=0, Collisions=0/2=0%

# Not a target:
.SUFFIXES:
#  Implicit rule search has not been done.
#  Modification time never checked.
#  File has not been updated.

# Not a target:
Makefile:
#  Implicit rule search has been done.
#  Last modified 2022-06-14 23:34:49
#  File has been updated.
#  Successfully updated.
# variable set hash-table stats:
# Load=0/32=0%, Rehash=0, Collisions=0/0=0%

rebuild: clean all
#  Implicit rule search has not been done.
#  Modification time never checked.
#  File has not been updated.
#  commands to execute (from `Makefile', line 49):
	open ./report/index.html
	

test: test_s21math.c s21_math.a
#  Implicit rule search has not been done.
#  Modification time never checked.
#  File has not been updated.
#  commands to execute (from `Makefile', line 25):
	$(CC) $(CFLAGS) -c test_s21math.c -o test.o
	$(CC) test.o s21_math.a $(TEST_LIBS) -o test
	

# Not a target:
s21_math.o:
#  Implicit rule search has not been done.
#  Modification time never checked.
#  File has not been updated.

s21_math.a: s21_math.o
#  Implicit rule search has not been done.
#  Modification time never checked.
#  File has not been updated.
#  commands to execute (from `Makefile', line 18):
	$(CC) -c $(SOURSES)
	ar rcs s21_math.a $(OBJECTS)
	

# Not a target:
.DEFAULT:
#  Implicit rule search has not been done.
#  Modification time never checked.
#  File has not been updated.

clean:
#  Implicit rule search has not been done.
#  Implicit/static pattern stem: `'
#  File does not exist.
#  File has been updated.
#  Needs to be updated (-q is set).
# automatic
# @ := clean
# automatic
# % := 
# automatic
# * := 
# automatic
# + := 
# automatic
# | := 
# automatic
# < := 
# automatic
# ^ := 
# automatic
# ? := 
# variable set hash-table stats:
# Load=8/32=25%, Rehash=0, Collisions=1/10=10%
#  commands to execute (from `Makefile', line 22):
	rm -rf ./*.o ./*.a ./a.out gcov_test *.html *.css ./GcovReport ./*.gcno ./*.gcda ./report ./*.info ./math_o ./*.dSYM ./test_s21math ./CPPLINT* test
	

# Not a target:
test_s21math.c:
#  Implicit rule search has not been done.
#  Modification time never checked.
#  File has not been updated.

check: test
#  Implicit rule search has not been done.
#  Modification time never checked.
#  File has not been updated.
#  commands to execute (from `Makefile', line 37):
	cppcheck --enable=all --suppress=missingIncludeSystem --inconclusive --check-config *.c *.h
	cp ../materials/linters/CPPLINT.cfg .
	python3 ../materials/linters/cpplint.py --extension=c *.c *.h *.c
	rm -rf CPPLINT.cfg
	make test
	leaks --atExit -- test
	

# files hash-table stats:
# Load=12/1024=1%, Rehash=0, Collisions=0/37=0%
# VPATH Search Paths

# No `vpath' search paths.

# No general (`VPATH' variable) search path.

# # of strings in strcache: 1
# # of strcache buffers: 1
# strcache size: total = 4096 / max = 4096 / min = 4096 / avg = 4096
# strcache free: total = 4087 / max = 4087 / min = 4087 / avg = 4087

# Finished Make data base on Wed Jun 15 16:27:00 2022

 
